<?xml version="1.0" encoding="UTF-8"?>
<!-- Generated by org.testng.reporters.JUnitXMLReporter -->
<testsuite ignored="0" hostname="azharkadri-HP-Laptop-15-bs0xx" failures="0" tests="8" name="Test" time="0.101" errors="0" timestamp="2020-02-04T21:26:10 IST">
  <testcase classname="com.trubees.qa.TruebeesUnitTesting3" name="add" time="0.014"/>
  <testcase classname="com.trubees.qa.TruebeesUnitTesting3" name="div" time="0.001"/>
  <testcase classname="com.trubees.qa.TruebeesUnitTesting3" name="mul" time="0.002"/>
  <testcase classname="com.trubees.qa.TruebeesUnitTesting3" name="sub" time="0.002"/>
  <testcase classname="com.trubees.qa.TruebeesUnitTesting4" name="add" time="0.001"/>
  <testcase classname="com.trubees.qa.TruebeesUnitTesting4" name="div" time="0.001"/>
  <testcase classname="com.trubees.qa.TruebeesUnitTesting4" name="mul" time="0.002"/>
  <testcase classname="com.trubees.qa.TruebeesUnitTesting4" name="sub" time="0.002"/>
</testsuite> <!-- Test -->
