<?xml version="1.0" encoding="UTF-8"?>
<testng-results ignored="0" total="8" passed="8" failed="0" skipped="0">
  <reporter-output>
    <line>
      <![CDATA[add test script passed]]>
    </line>
    <line>
      <![CDATA[div test script passed]]>
    </line>
    <line>
      <![CDATA[mul test script passed]]>
    </line>
    <line>
      <![CDATA[sub test script passed]]>
    </line>
    <line>
      <![CDATA[add test script passed]]>
    </line>
    <line>
      <![CDATA[div test script passed]]>
    </line>
    <line>
      <![CDATA[mul test script passed]]>
    </line>
    <line>
      <![CDATA[sub test script passed]]>
    </line>
  </reporter-output>
  <suite started-at="2020-02-04T21:26:10 IST" name="suite" finished-at="2020-02-04T21:26:10 IST" duration-ms="101">
    <groups>
    </groups>
    <test started-at="2020-02-04T21:26:10 IST" name="Test" finished-at="2020-02-04T21:26:10 IST" duration-ms="101">
      <class name="com.trubees.qa.TruebeesUnitTesting3">
        <test-method signature="add()[pri:0, instance:com.trubees.qa.TruebeesUnitTesting3@21b2e768]" started-at="2020-02-04T21:26:10 IST" name="add" finished-at="2020-02-04T21:26:10 IST" duration-ms="14" status="PASS">
          <reporter-output>
            <line>
              <![CDATA[add test script passed]]>
            </line>
          </reporter-output>
        </test-method> <!-- add -->
        <test-method signature="div()[pri:0, instance:com.trubees.qa.TruebeesUnitTesting3@21b2e768]" started-at="2020-02-04T21:26:10 IST" name="div" finished-at="2020-02-04T21:26:10 IST" duration-ms="1" status="PASS">
          <reporter-output>
            <line>
              <![CDATA[div test script passed]]>
            </line>
          </reporter-output>
        </test-method> <!-- div -->
        <test-method signature="mul()[pri:0, instance:com.trubees.qa.TruebeesUnitTesting3@21b2e768]" started-at="2020-02-04T21:26:10 IST" name="mul" finished-at="2020-02-04T21:26:10 IST" duration-ms="2" status="PASS">
          <reporter-output>
            <line>
              <![CDATA[mul test script passed]]>
            </line>
          </reporter-output>
        </test-method> <!-- mul -->
        <test-method signature="sub()[pri:0, instance:com.trubees.qa.TruebeesUnitTesting3@21b2e768]" started-at="2020-02-04T21:26:10 IST" name="sub" finished-at="2020-02-04T21:26:10 IST" duration-ms="2" status="PASS">
          <reporter-output>
            <line>
              <![CDATA[sub test script passed]]>
            </line>
          </reporter-output>
        </test-method> <!-- sub -->
      </class> <!-- com.trubees.qa.TruebeesUnitTesting3 -->
      <class name="com.trubees.qa.TruebeesUnitTesting4">
        <test-method signature="add()[pri:0, instance:com.trubees.qa.TruebeesUnitTesting4@57250572]" started-at="2020-02-04T21:26:10 IST" name="add" finished-at="2020-02-04T21:26:10 IST" duration-ms="1" status="PASS">
          <reporter-output>
            <line>
              <![CDATA[add test script passed]]>
            </line>
          </reporter-output>
        </test-method> <!-- add -->
        <test-method signature="div()[pri:0, instance:com.trubees.qa.TruebeesUnitTesting4@57250572]" started-at="2020-02-04T21:26:10 IST" name="div" finished-at="2020-02-04T21:26:10 IST" duration-ms="1" status="PASS">
          <reporter-output>
            <line>
              <![CDATA[div test script passed]]>
            </line>
          </reporter-output>
        </test-method> <!-- div -->
        <test-method signature="mul()[pri:0, instance:com.trubees.qa.TruebeesUnitTesting4@57250572]" started-at="2020-02-04T21:26:10 IST" name="mul" finished-at="2020-02-04T21:26:10 IST" duration-ms="2" status="PASS">
          <reporter-output>
            <line>
              <![CDATA[mul test script passed]]>
            </line>
          </reporter-output>
        </test-method> <!-- mul -->
        <test-method signature="sub()[pri:0, instance:com.trubees.qa.TruebeesUnitTesting4@57250572]" started-at="2020-02-04T21:26:10 IST" name="sub" finished-at="2020-02-04T21:26:10 IST" duration-ms="2" status="PASS">
          <reporter-output>
            <line>
              <![CDATA[sub test script passed]]>
            </line>
          </reporter-output>
        </test-method> <!-- sub -->
      </class> <!-- com.trubees.qa.TruebeesUnitTesting4 -->
    </test> <!-- Test -->
  </suite> <!-- suite -->
</testng-results>
